[2022-07-02 19:50:10] [ERROR] [TurnoService:36] No es posible guardar el turno.
[2022-07-02 19:56:49] [ERROR] [TurnoService:36] No es posible guardar el turno.
[2022-07-02 20:03:44] [ERROR] [PacienteService:34] No es posible guardar el paciente
[2022-07-02 20:04:06] [INFO] [PacienteService:32] Se ha guardado el paciente correctamente.
[2022-07-02 20:05:04] [ERROR] [OdontologoService:34] No es posible guardar el odontologo
[2022-07-02 20:05:09] [INFO] [OdontologoService:32] Se ha guardado el odontologo correctamente.
[2022-07-02 20:05:36] [ERROR] [TurnoService:37] No es posible guardar el turno.
[2022-07-02 20:05:46] [INFO] [TurnoService:35] Se ha guardado el turno correctamente.
[2022-07-03 18:56:23] [INFO] [PacienteService:32] Se ha guardado el paciente correctamente.
[2022-07-03 18:56:28] [INFO] [OdontologoService:32] Se ha guardado el odontologo correctamente.
[2022-07-03 18:56:32] [INFO] [TurnoService:35] Se ha guardado el turno correctamente.
[2022-07-03 21:15:30] [INFO] [OdontologoService:44] Se ha guardado el odontologo correctamente.
[2022-07-03 21:18:40] [INFO] [OdontologoService:44] Se ha guardado el odontologo correctamente.
[2022-07-04 19:45:54] [INFO] [PacienteService:32] Se ha guardado el paciente correctamente.
[2022-07-04 19:46:07] [INFO] [OdontologoService:44] Se ha guardado el odontologo correctamente.
[2022-07-04 19:50:59] [INFO] [TurnoService:35] Se ha guardado el turno correctamente.
[2022-07-04 20:40:07] [INFO] [OdontologoService:38] Se ha guardado el odontologo correctamente.
[2022-07-04 20:40:18] [INFO] [OdontologoService:38] Se ha guardado el odontologo correctamente.
[2022-07-04 21:05:12] [INFO] [OdontologoService:35] Se ha guardado el odontologo correctamente.
[2022-07-04 21:05:21] [INFO] [OdontologoService:35] Se ha guardado el odontologo correctamente.
[2022-07-06 20:33:54] [INFO] [PacienteService:32] Se ha guardado el paciente correctamente.
[2022-07-06 20:34:10] [INFO] [OdontologoService:35] Se ha guardado el odontologo correctamente.
[2022-07-06 20:34:27] [INFO] [TurnoService:35] Se ha guardado el turno correctamente.
[2022-07-06 21:07:33] [INFO] [PacienteService:32] Se ha guardado el paciente correctamente.
[2022-07-06 21:07:41] [INFO] [OdontologoService:35] Se ha guardado el odontologo correctamente.
[2022-07-06 21:07:49] [INFO] [TurnoService:35] Se ha guardado el turno correctamente.
[2022-07-06 21:09:20] [INFO] [PacienteService:32] Se ha guardado el paciente correctamente.
[2022-07-06 21:10:20] [INFO] [OdontologoService:35] Se ha guardado el odontologo correctamente.
[2022-07-06 21:10:26] [INFO] [TurnoService:35] Se ha guardado el turno correctamente.
[2022-07-06 21:17:07] [INFO] [PacienteService:32] Se ha guardado el paciente correctamente.
[2022-07-06 21:17:14] [INFO] [PacienteService:32] Se ha guardado el paciente correctamente.
[2022-07-06 21:17:23] [INFO] [OdontologoService:35] Se ha guardado el odontologo correctamente.
[2022-07-06 21:20:59] [INFO] [PacienteService:32] Se ha guardado el paciente correctamente.
[2022-07-06 21:21:06] [INFO] [OdontologoService:35] Se ha guardado el odontologo correctamente.
[2022-07-06 21:21:11] [INFO] [TurnoService:35] Se ha guardado el turno correctamente.
[2022-07-06 21:24:22] [INFO] [PacienteService:32] Se ha guardado el paciente correctamente.
[2022-07-06 21:24:26] [INFO] [OdontologoService:35] Se ha guardado el odontologo correctamente.
[2022-07-06 21:24:29] [INFO] [TurnoService:35] Se ha guardado el turno correctamente.
[2022-07-06 21:30:22] [INFO] [PacienteService:32] Se ha guardado el paciente correctamente.
[2022-07-06 21:30:25] [INFO] [OdontologoService:35] Se ha guardado el odontologo correctamente.
[2022-07-06 21:30:28] [INFO] [TurnoService:35] Se ha guardado el turno correctamente.
[2022-07-06 21:31:52] [INFO] [PacienteService:32] Se ha guardado el paciente correctamente.
[2022-07-06 21:32:00] [INFO] [OdontologoService:35] Se ha guardado el odontologo correctamente.
[2022-07-06 21:32:12] [INFO] [TurnoService:35] Se ha guardado el turno correctamente.
[2022-07-06 21:35:25] [INFO] [PacienteService:32] Se ha guardado el paciente correctamente.
[2022-07-06 21:35:30] [INFO] [OdontologoService:35] Se ha guardado el odontologo correctamente.
[2022-07-06 21:35:34] [INFO] [TurnoService:35] Se ha guardado el turno correctamente.
[2022-07-06 21:36:14] [INFO] [PacienteService:32] Se ha guardado el paciente correctamente.
[2022-07-06 21:36:18] [INFO] [OdontologoService:35] Se ha guardado el odontologo correctamente.
[2022-07-06 21:36:25] [INFO] [TurnoService:35] Se ha guardado el turno correctamente.
[2022-07-06 21:49:47] [INFO] [PacienteService:32] Se ha guardado el paciente correctamente.
[2022-07-06 21:49:53] [INFO] [OdontologoService:35] Se ha guardado el odontologo correctamente.
[2022-07-06 21:49:58] [INFO] [TurnoService:35] Se ha guardado el turno correctamente.
[2022-07-06 21:51:51] [INFO] [PacienteService:32] Se ha guardado el paciente correctamente.
[2022-07-06 21:51:53] [INFO] [OdontologoService:35] Se ha guardado el odontologo correctamente.
[2022-07-06 21:51:55] [INFO] [TurnoService:35] Se ha guardado el turno correctamente.
[2022-07-06 21:53:10] [INFO] [PacienteService:32] Se ha guardado el paciente correctamente.
[2022-07-06 21:53:53] [INFO] [OdontologoService:35] Se ha guardado el odontologo correctamente.
[2022-07-06 21:54:45] [ERROR] [TurnoService:37] No es posible guardar el turno.
[2022-07-06 22:02:58] [INFO] [PacienteService:32] Se ha guardado el paciente correctamente.
[2022-07-06 22:03:11] [INFO] [OdontologoService:35] Se ha guardado el odontologo correctamente.
[2022-07-06 22:03:25] [INFO] [OdontologoService:35] Se ha guardado el odontologo correctamente.
[2022-07-06 22:03:33] [ERROR] [TurnoService:37] No es posible guardar el turno.
[2022-07-06 22:03:45] [ERROR] [TurnoService:37] No es posible guardar el turno.
[2022-07-06 22:04:17] [INFO] [TurnoService:35] Se ha guardado el turno correctamente.
[2022-07-06 22:04:41] [INFO] [PacienteService:32] Se ha guardado el paciente correctamente.
[2022-07-06 22:09:58] [INFO] [PacienteService:32] Se ha guardado el paciente correctamente.
[2022-07-06 22:10:01] [INFO] [OdontologoService:35] Se ha guardado el odontologo correctamente.
[2022-07-06 22:10:05] [INFO] [TurnoService:35] Se ha guardado el turno correctamente.
[2022-07-06 22:10:20] [INFO] [TurnoService:35] Se ha guardado el turno correctamente.
[2022-07-06 22:11:07] [INFO] [TurnoService:35] Se ha guardado el turno correctamente.
[2022-07-06 22:11:40] [INFO] [PacienteService:32] Se ha guardado el paciente correctamente.
[2022-07-06 22:11:48] [INFO] [OdontologoService:35] Se ha guardado el odontologo correctamente.
[2022-07-06 22:11:54] [INFO] [TurnoService:35] Se ha guardado el turno correctamente.
[2022-07-06 22:12:32] [INFO] [PacienteService:32] Se ha guardado el paciente correctamente.
[2022-07-06 22:12:45] [INFO] [TurnoService:35] Se ha guardado el turno correctamente.
